{"timestamp":"2022-03-30T02:30:20.019Z","level":"info","message":"MongoDB connection with database succeeded."}
{"timestamp":"2022-03-30T02:30:50.388Z","level":"info","message":"MongoDB connection with database succeeded."}
{"timestamp":"2022-03-30T02:30:50.634Z","level":"error","message":"There is already a Cidade with the same nome and estado in the database"}
{"timestamp":"2022-03-30T02:31:19.957Z","level":"info","message":"MongoDB connection with database succeeded."}
{"timestamp":"2022-03-30T02:31:20.162Z","level":"error","message":"There is already a Cidade with the same nome and estado in the database"}
{"timestamp":"2022-03-30T02:36:11.698Z","level":"info","message":"MongoDB connection with database succeeded."}
{"timestamp":"2022-03-30T02:36:46.898Z","level":"info","message":"MongoDB connection with database succeeded."}
{"timestamp":"2022-03-30T02:40:43.424Z","level":"info","message":"MongoDB connection with database succeeded."}
{"timestamp":"2022-03-30T02:41:46.777Z","level":"info","message":"MongoDB connection with database succeeded."}
{"timestamp":"2022-03-30T02:41:47.300Z","level":"error","message":"There is already a Cidade with the same nome and estado in the database"}
{"timestamp":"2022-03-30T02:50:24.556Z","level":"info","message":"MongoDB connection with database succeeded."}
{"timestamp":"2022-03-30T02:50:25.050Z","level":"error","message":"There is already a Cidade with the same nome and estado in the database"}
{"timestamp":"2022-03-30T02:50:27.415Z","level":"info","message":"MongoDB connection with database succeeded."}
{"timestamp":"2022-03-30T02:51:13.335Z","level":"info","message":"MongoDB connection with database succeeded."}
{"timestamp":"2022-03-30T02:51:13.856Z","level":"error","message":"There is already a Cidade with the same nome and estado in the database"}
{"timestamp":"2022-03-30T02:51:16.579Z","level":"info","message":"MongoDB connection with database succeeded."}
{"timestamp":"2022-03-30T02:54:31.375Z","level":"info","message":"MongoDB connection with database succeeded."}
{"timestamp":"2022-03-30T02:54:31.861Z","level":"error","message":"There is already a Cidade with the same nome and estado in the database"}
{"timestamp":"2022-03-30T02:54:34.189Z","level":"info","message":"MongoDB connection with database succeeded."}
{"timestamp":"2022-03-30T02:55:19.342Z","level":"info","message":"MongoDB connection with database succeeded."}
{"timestamp":"2022-03-30T02:55:19.812Z","level":"error","message":"There is already a Cidade with the same nome and estado in the database"}
{"timestamp":"2022-03-30T02:55:22.240Z","level":"info","message":"MongoDB connection with database succeeded."}
{"timestamp":"2022-03-30T02:55:54.176Z","level":"info","message":"MongoDB connection with database succeeded."}
{"timestamp":"2022-03-30T02:55:54.668Z","level":"error","message":"There is already a Cidade with the same nome and estado in the database"}
{"timestamp":"2022-03-30T02:55:57.008Z","level":"info","message":"MongoDB connection with database succeeded."}
{"timestamp":"2022-03-30T02:59:43.780Z","level":"info","message":"MongoDB connection with database succeeded."}
{"timestamp":"2022-03-30T02:59:44.260Z","level":"error","message":"There is already a Cidade with the same nome and estado in the database"}
{"timestamp":"2022-03-30T02:59:46.615Z","level":"info","message":"MongoDB connection with database succeeded."}
{"timestamp":"2022-03-30T03:02:06.207Z","level":"info","message":"MongoDB connection with database succeeded."}
{"timestamp":"2022-03-30T03:02:06.716Z","level":"error","message":"There is already a Cidade with the same nome and estado in the database"}
{"timestamp":"2022-03-30T03:02:09.148Z","level":"info","message":"MongoDB connection with database succeeded."}
{"timestamp":"2022-03-30T03:03:16.085Z","level":"info","message":"MongoDB connection with database succeeded."}
{"timestamp":"2022-03-30T03:03:16.562Z","level":"error","message":"There is already a Cidade with the same nome and estado in the database"}
{"timestamp":"2022-03-30T03:03:18.957Z","level":"info","message":"MongoDB connection with database succeeded."}
{"timestamp":"2022-03-30T03:03:54.233Z","level":"info","message":"MongoDB connection with database succeeded."}
{"timestamp":"2022-03-30T03:03:54.772Z","level":"error","message":"There is already a Cidade with the same nome and estado in the database"}
{"timestamp":"2022-03-30T03:03:57.400Z","level":"info","message":"MongoDB connection with database succeeded."}
{"timestamp":"2022-03-30T03:04:49.083Z","level":"info","message":"MongoDB connection with database succeeded."}
{"timestamp":"2022-03-30T03:04:49.567Z","level":"error","message":"There is already a Cidade with the same nome and estado in the database"}
{"timestamp":"2022-03-30T03:04:51.931Z","level":"info","message":"MongoDB connection with database succeeded."}
{"timestamp":"2022-03-30T03:08:42.612Z","level":"info","message":"MongoDB connection with database succeeded."}
{"timestamp":"2022-03-30T03:08:43.089Z","level":"error","message":"There is already a Cidade with the same nome and estado in the database"}
{"timestamp":"2022-03-30T03:08:45.496Z","level":"info","message":"MongoDB connection with database succeeded."}
{"timestamp":"2022-03-30T03:11:09.793Z","level":"info","message":"MongoDB connection with database succeeded."}
{"timestamp":"2022-03-30T03:11:10.299Z","level":"error","message":"There is already a Cidade with the same nome and estado in the database"}
{"timestamp":"2022-03-30T03:11:12.708Z","level":"info","message":"MongoDB connection with database succeeded."}
{"timestamp":"2022-03-30T03:16:33.849Z","level":"info","message":"MongoDB connection with database succeeded."}
{"timestamp":"2022-03-30T03:16:34.367Z","level":"error","message":"There is already a Cidade with the same nome and estado in the database"}
{"timestamp":"2022-03-30T03:16:36.794Z","level":"info","message":"MongoDB connection with database succeeded."}
{"timestamp":"2022-03-30T03:17:19.194Z","level":"info","message":"MongoDB connection with database succeeded."}
{"timestamp":"2022-03-30T03:17:19.679Z","level":"error","message":"There is already a Cidade with the same nome and estado in the database"}
{"timestamp":"2022-03-30T03:17:22.136Z","level":"info","message":"MongoDB connection with database succeeded."}
{"timestamp":"2022-03-30T03:17:45.716Z","level":"info","message":"MongoDB connection with database succeeded."}
{"timestamp":"2022-03-30T03:17:46.198Z","level":"error","message":"There is already a Cidade with the same nome and estado in the database"}
{"timestamp":"2022-03-30T03:17:48.834Z","level":"info","message":"MongoDB connection with database succeeded."}
{"timestamp":"2022-03-30T03:17:49.081Z","level":"error","message":"O campo cidade deve ser um uuid."}
{"timestamp":"2022-03-30T03:20:23.525Z","level":"info","message":"MongoDB connection with database succeeded."}
{"timestamp":"2022-03-30T03:20:24.005Z","level":"error","message":"There is already a Cidade with the same nome and estado in the database"}
{"timestamp":"2022-03-30T03:20:26.190Z","level":"info","message":"MongoDB connection with database succeeded."}
{"timestamp":"2022-03-30T03:20:26.435Z","level":"error","message":"O campo cidade deve ser um uuid."}
{"timestamp":"2022-03-30T03:21:06.956Z","level":"info","message":"MongoDB connection with database succeeded."}
{"timestamp":"2022-03-30T03:21:07.441Z","level":"error","message":"There is already a Cidade with the same nome and estado in the database"}
{"timestamp":"2022-03-30T03:21:09.930Z","level":"info","message":"MongoDB connection with database succeeded."}
{"timestamp":"2022-03-30T03:21:10.170Z","level":"error","message":"O campo cidade deve ser um uuid."}
{"timestamp":"2022-03-30T03:21:43.349Z","level":"info","message":"MongoDB connection with database succeeded."}
{"timestamp":"2022-03-30T03:21:43.836Z","level":"error","message":"There is already a Cidade with the same nome and estado in the database"}
{"timestamp":"2022-03-30T03:21:46.436Z","level":"info","message":"MongoDB connection with database succeeded."}
{"timestamp":"2022-03-30T03:21:46.674Z","level":"error","message":"O campo cidade deve ser um uuid."}
{"timestamp":"2022-03-30T03:22:31.376Z","level":"info","message":"MongoDB connection with database succeeded."}
{"timestamp":"2022-03-30T03:22:31.859Z","level":"error","message":"There is already a Cidade with the same nome and estado in the database"}
{"timestamp":"2022-03-30T03:22:34.256Z","level":"info","message":"MongoDB connection with database succeeded."}
{"timestamp":"2022-03-30T03:23:31.796Z","level":"info","message":"MongoDB connection with database succeeded."}
{"timestamp":"2022-03-30T03:23:32.307Z","level":"error","message":"There is already a Cidade with the same nome and estado in the database"}
{"timestamp":"2022-03-30T03:23:34.821Z","level":"info","message":"MongoDB connection with database succeeded."}
{"timestamp":"2022-03-30T03:27:11.116Z","level":"info","message":"MongoDB connection with database succeeded."}
{"timestamp":"2022-03-30T03:27:11.625Z","level":"error","message":"There is already a Cidade with the same nome and estado in the database"}
{"timestamp":"2022-03-30T03:28:18.212Z","level":"info","message":"MongoDB connection with database succeeded."}
{"timestamp":"2022-03-30T03:28:18.707Z","level":"error","message":"There is already a Cidade with the same nome and estado in the database"}
{"timestamp":"2022-03-30T03:28:21.116Z","level":"info","message":"MongoDB connection with database succeeded."}
{"timestamp":"2022-03-30T03:28:21.395Z","level":"error","message":"Cidade with the specified name was not found"}
{"timestamp":"2022-03-30T03:28:53.470Z","level":"info","message":"MongoDB connection with database succeeded."}
{"timestamp":"2022-03-30T03:28:53.984Z","level":"error","message":"There is already a Cidade with the same nome and estado in the database"}
{"timestamp":"2022-03-30T03:28:56.691Z","level":"info","message":"MongoDB connection with database succeeded."}
{"timestamp":"2022-03-30T03:28:56.940Z","level":"error","message":"Cidade with the specified name was not found"}
{"timestamp":"2022-03-30T03:29:37.874Z","level":"info","message":"MongoDB connection with database succeeded."}
{"timestamp":"2022-03-30T03:29:38.375Z","level":"error","message":"There is already a Cidade with the same nome and estado in the database"}
{"timestamp":"2022-03-30T03:29:40.815Z","level":"info","message":"MongoDB connection with database succeeded."}
{"timestamp":"2022-03-30T03:29:41.047Z","level":"error","message":"Cidade with the specified name was not found"}
{"timestamp":"2022-03-30T03:30:37.771Z","level":"info","message":"MongoDB connection with database succeeded."}
{"timestamp":"2022-03-30T03:30:38.308Z","level":"error","message":"There is already a Cidade with the same nome and estado in the database"}
{"timestamp":"2022-03-30T03:30:40.826Z","level":"info","message":"MongoDB connection with database succeeded."}
{"timestamp":"2022-03-30T03:31:59.272Z","level":"info","message":"MongoDB connection with database succeeded."}
{"timestamp":"2022-03-30T03:31:59.764Z","level":"error","message":"There is already a Cidade with the same nome and estado in the database"}
{"timestamp":"2022-03-30T03:32:02.171Z","level":"info","message":"MongoDB connection with database succeeded."}
{"timestamp":"2022-03-30T03:33:35.461Z","level":"info","message":"MongoDB connection with database succeeded."}
{"timestamp":"2022-03-30T03:33:35.984Z","level":"error","message":"There is already a Cidade with the same nome and estado in the database"}
{"timestamp":"2022-03-30T03:33:38.564Z","level":"info","message":"MongoDB connection with database succeeded."}
{"timestamp":"2022-03-30T03:34:35.763Z","level":"info","message":"MongoDB connection with database succeeded."}
{"timestamp":"2022-03-30T03:34:36.279Z","level":"error","message":"There is already a Cidade with the same nome and estado in the database"}
{"timestamp":"2022-03-30T03:34:38.679Z","level":"info","message":"MongoDB connection with database succeeded."}
{"timestamp":"2022-03-30T03:41:16.124Z","level":"info","message":"MongoDB connection with database succeeded."}
{"timestamp":"2022-03-30T03:41:16.662Z","level":"error","message":"There is already a Cidade with the same nome and estado in the database"}
{"timestamp":"2022-03-30T03:41:19.393Z","level":"info","message":"MongoDB connection with database succeeded."}
{"timestamp":"2022-03-30T03:41:19.761Z","level":"error","message":"ID passed as parameter is not a valid uuid"}
{"timestamp":"2022-03-30T03:42:32.531Z","level":"info","message":"MongoDB connection with database succeeded."}
{"timestamp":"2022-03-30T03:42:33.011Z","level":"error","message":"There is already a Cidade with the same nome and estado in the database"}
{"timestamp":"2022-03-30T03:42:35.454Z","level":"info","message":"MongoDB connection with database succeeded."}
{"timestamp":"2022-03-30T03:42:35.833Z","level":"error","message":"ID passed as parameter is not a valid uuid"}
{"timestamp":"2022-03-30T03:43:13.672Z","level":"info","message":"MongoDB connection with database succeeded."}
{"timestamp":"2022-03-30T03:43:14.171Z","level":"error","message":"There is already a Cidade with the same nome and estado in the database"}
{"timestamp":"2022-03-30T03:43:16.521Z","level":"info","message":"MongoDB connection with database succeeded."}
{"timestamp":"2022-03-30T03:43:47.308Z","level":"info","message":"MongoDB connection with database succeeded."}
{"timestamp":"2022-03-30T03:43:47.800Z","level":"error","message":"There is already a Cidade with the same nome and estado in the database"}
{"timestamp":"2022-03-30T03:43:50.282Z","level":"info","message":"MongoDB connection with database succeeded."}
{"timestamp":"2022-03-30T03:49:50.097Z","level":"info","message":"MongoDB connection with database succeeded."}
{"timestamp":"2022-03-30T03:49:50.597Z","level":"error","message":"There is already a Cidade with the same nome and estado in the database"}
{"timestamp":"2022-03-30T03:49:53.073Z","level":"info","message":"MongoDB connection with database succeeded."}
{"timestamp":"2022-03-30T03:49:53.739Z","level":"error","message":"Internal server error: MongoServerError: Plan executor error during findAndModify :: caused by :: Performing an update on the path '_id' would modify the immutable field '_id'\n    at MessageStream.messageHandler (D:\\Desktop\\NodeJS Interview\\recrutamento-compasso\\node_modules\\mongodb\\src\\cmap\\connection.ts:753:20)\n    at MessageStream.emit (events.js:314:20)\n    at processIncomingData (D:\\Desktop\\NodeJS Interview\\recrutamento-compasso\\node_modules\\mongodb\\src\\cmap\\message_stream.ts:168:12)\n    at MessageStream._write (D:\\Desktop\\NodeJS Interview\\recrutamento-compasso\\node_modules\\mongodb\\src\\cmap\\message_stream.ts:65:5)\n    at doWrite (_stream_writable.js:403:12)\n    at writeOrBuffer (_stream_writable.js:387:5)\n    at MessageStream.Writable.write (_stream_writable.js:318:11)\n    at TLSSocket.ondata (_stream_readable.js:719:22)\n    at TLSSocket.emit (events.js:314:20)\n    at addChunk (_stream_readable.js:298:12)"}
{"timestamp":"2022-03-30T03:50:26.498Z","level":"info","message":"MongoDB connection with database succeeded."}
{"timestamp":"2022-03-30T03:50:26.986Z","level":"error","message":"There is already a Cidade with the same nome and estado in the database"}
{"timestamp":"2022-03-30T03:50:29.414Z","level":"info","message":"MongoDB connection with database succeeded."}
{"timestamp":"2022-03-30T03:50:29.952Z","level":"error","message":"Internal server error: MongoServerError: Plan executor error during findAndModify :: caused by :: Performing an update on the path '_id' would modify the immutable field '_id'\n    at MessageStream.messageHandler (D:\\Desktop\\NodeJS Interview\\recrutamento-compasso\\node_modules\\mongodb\\src\\cmap\\connection.ts:753:20)\n    at MessageStream.emit (events.js:314:20)\n    at processIncomingData (D:\\Desktop\\NodeJS Interview\\recrutamento-compasso\\node_modules\\mongodb\\src\\cmap\\message_stream.ts:168:12)\n    at MessageStream._write (D:\\Desktop\\NodeJS Interview\\recrutamento-compasso\\node_modules\\mongodb\\src\\cmap\\message_stream.ts:65:5)\n    at doWrite (_stream_writable.js:403:12)\n    at writeOrBuffer (_stream_writable.js:387:5)\n    at MessageStream.Writable.write (_stream_writable.js:318:11)\n    at TLSSocket.ondata (_stream_readable.js:719:22)\n    at TLSSocket.emit (events.js:314:20)\n    at addChunk (_stream_readable.js:298:12)"}
{"timestamp":"2022-03-30T03:52:31.525Z","level":"info","message":"MongoDB connection with database succeeded."}
{"timestamp":"2022-03-30T03:52:32.021Z","level":"error","message":"There is already a Cidade with the same nome and estado in the database"}
{"timestamp":"2022-03-30T03:52:34.393Z","level":"info","message":"MongoDB connection with database succeeded."}
{"timestamp":"2022-03-30T03:53:39.348Z","level":"info","message":"MongoDB connection with database succeeded."}
{"timestamp":"2022-03-30T03:53:39.850Z","level":"error","message":"There is already a Cidade with the same nome and estado in the database"}
{"timestamp":"2022-03-30T03:53:41.964Z","level":"info","message":"MongoDB connection with database succeeded."}
{"timestamp":"2022-03-30T03:55:52.459Z","level":"info","message":"MongoDB connection with database succeeded."}
{"timestamp":"2022-03-30T03:55:52.989Z","level":"error","message":"There is already a Cidade with the same nome and estado in the database"}
{"timestamp":"2022-03-30T03:55:55.489Z","level":"info","message":"MongoDB connection with database succeeded."}
{"timestamp":"2022-03-30T04:05:27.470Z","level":"info","message":"MongoDB connection with database succeeded."}
{"timestamp":"2022-03-30T04:05:27.967Z","level":"error","message":"There is already a Cidade with the same nome and estado in the database"}
{"timestamp":"2022-03-30T04:05:30.383Z","level":"info","message":"MongoDB connection with database succeeded."}
{"timestamp":"2022-03-30T04:07:33.107Z","level":"info","message":"MongoDB connection with database succeeded."}
{"timestamp":"2022-03-30T04:07:33.608Z","level":"error","message":"There is already a Cidade with the same nome and estado in the database"}
{"timestamp":"2022-03-30T04:07:36.269Z","level":"info","message":"MongoDB connection with database succeeded."}
{"timestamp":"2022-03-30T04:08:34.590Z","level":"info","message":"MongoDB connection with database succeeded."}
{"timestamp":"2022-03-30T04:08:35.114Z","level":"error","message":"There is already a Cidade with the same nome and estado in the database"}
{"timestamp":"2022-03-30T04:08:38.015Z","level":"info","message":"MongoDB connection with database succeeded."}
{"timestamp":"2022-03-30T04:10:01.516Z","level":"info","message":"MongoDB connection with database succeeded."}
{"timestamp":"2022-03-30T04:10:02.003Z","level":"error","message":"There is already a Cidade with the same nome and estado in the database"}
{"timestamp":"2022-03-30T04:10:36.523Z","level":"info","message":"MongoDB connection with database succeeded."}
{"timestamp":"2022-03-30T04:10:37.001Z","level":"error","message":"There is already a Cidade with the same nome and estado in the database"}
{"timestamp":"2022-03-30T04:10:39.475Z","level":"info","message":"MongoDB connection with database succeeded."}
{"timestamp":"2022-03-30T04:10:40.394Z","level":"error","message":"There is already a Cliente with this name in the database"}
